<?xml version="1.0" encoding="UTF-8"?>
<testsuite xmlns:xsi="http://www.w3.org/2001/XMLSchema-instance" xsi:noNamespaceSchemaLocation="https://maven.apache.org/surefire/maven-surefire-plugin/xsd/surefire-test-report.xsd" name="com.plaso.ScoreTest" time="0.057" tests="1" errors="0" skipped="0" failures="0">
  <properties>
    <property name="sun.desktop" value="windows"/>
    <property name="awt.toolkit" value="sun.awt.windows.WToolkit"/>
    <property name="file.encoding.pkg" value="sun.io"/>
    <property name="java.specification.version" value="1.8"/>
    <property name="sun.cpu.isalist" value="pentium_pro+mmx pentium_pro pentium+mmx pentium i486 i386 i86"/>
    <property name="sun.jnu.encoding" value="GBK"/>
    <property name="java.class.path" value="D:\GitLab\Score\target\test-classes;D:\GitLab\Score\target\classes;C:\WorkSpace\temp\maven\org\apache\hadoop\hadoop-client\2.8.2\hadoop-client-2.8.2.jar;C:\WorkSpace\temp\maven\org\apache\hadoop\hadoop-common\2.8.2\hadoop-common-2.8.2.jar;C:\WorkSpace\temp\maven\com\google\guava\guava\11.0.2\guava-11.0.2.jar;C:\WorkSpace\temp\maven\commons-cli\commons-cli\1.2\commons-cli-1.2.jar;C:\WorkSpace\temp\maven\org\apache\commons\commons-math3\3.1.1\commons-math3-3.1.1.jar;C:\WorkSpace\temp\maven\xmlenc\xmlenc\0.52\xmlenc-0.52.jar;C:\WorkSpace\temp\maven\org\apache\httpcomponents\httpclient\4.5.2\httpclient-4.5.2.jar;C:\WorkSpace\temp\maven\org\apache\httpcomponents\httpcore\4.4.4\httpcore-4.4.4.jar;C:\WorkSpace\temp\maven\commons-codec\commons-codec\1.4\commons-codec-1.4.jar;C:\WorkSpace\temp\maven\commons-io\commons-io\2.4\commons-io-2.4.jar;C:\WorkSpace\temp\maven\commons-net\commons-net\3.1\commons-net-3.1.jar;C:\WorkSpace\temp\maven\commons-collections\commons-collections\3.2.2\commons-collections-3.2.2.jar;C:\WorkSpace\temp\maven\org\mortbay\jetty\jetty-sslengine\6.1.26\jetty-sslengine-6.1.26.jar;C:\WorkSpace\temp\maven\javax\servlet\jsp\jsp-api\2.1\jsp-api-2.1.jar;C:\WorkSpace\temp\maven\commons-logging\commons-logging\1.1.3\commons-logging-1.1.3.jar;C:\WorkSpace\temp\maven\log4j\log4j\1.2.17\log4j-1.2.17.jar;C:\WorkSpace\temp\maven\commons-lang\commons-lang\2.6\commons-lang-2.6.jar;C:\WorkSpace\temp\maven\commons-configuration\commons-configuration\1.6\commons-configuration-1.6.jar;C:\WorkSpace\temp\maven\commons-digester\commons-digester\1.8\commons-digester-1.8.jar;C:\WorkSpace\temp\maven\commons-beanutils\commons-beanutils\1.7.0\commons-beanutils-1.7.0.jar;C:\WorkSpace\temp\maven\commons-beanutils\commons-beanutils-core\1.8.0\commons-beanutils-core-1.8.0.jar;C:\WorkSpace\temp\maven\org\slf4j\slf4j-api\1.7.10\slf4j-api-1.7.10.jar;C:\WorkSpace\temp\maven\org\slf4j\slf4j-log4j12\1.7.10\slf4j-log4j12-1.7.10.jar;C:\WorkSpace\temp\maven\org\codehaus\jackson\jackson-core-asl\1.9.13\jackson-core-asl-1.9.13.jar;C:\WorkSpace\temp\maven\org\codehaus\jackson\jackson-mapper-asl\1.9.13\jackson-mapper-asl-1.9.13.jar;C:\WorkSpace\temp\maven\org\apache\avro\avro\1.7.4\avro-1.7.4.jar;C:\WorkSpace\temp\maven\com\thoughtworks\paranamer\paranamer\2.3\paranamer-2.3.jar;C:\WorkSpace\temp\maven\org\xerial\snappy\snappy-java\1.0.4.1\snappy-java-1.0.4.1.jar;C:\WorkSpace\temp\maven\com\google\protobuf\protobuf-java\2.5.0\protobuf-java-2.5.0.jar;C:\WorkSpace\temp\maven\com\google\code\gson\gson\2.2.4\gson-2.2.4.jar;C:\WorkSpace\temp\maven\org\apache\hadoop\hadoop-auth\2.8.2\hadoop-auth-2.8.2.jar;C:\WorkSpace\temp\maven\com\nimbusds\nimbus-jose-jwt\3.9\nimbus-jose-jwt-3.9.jar;C:\WorkSpace\temp\maven\net\jcip\jcip-annotations\1.0\jcip-annotations-1.0.jar;C:\WorkSpace\temp\maven\net\minidev\json-smart\1.1.1\json-smart-1.1.1.jar;C:\WorkSpace\temp\maven\org\apache\directory\server\apacheds-kerberos-codec\2.0.0-M15\apacheds-kerberos-codec-2.0.0-M15.jar;C:\WorkSpace\temp\maven\org\apache\directory\server\apacheds-i18n\2.0.0-M15\apacheds-i18n-2.0.0-M15.jar;C:\WorkSpace\temp\maven\org\apache\directory\api\api-asn1-api\1.0.0-M20\api-asn1-api-1.0.0-M20.jar;C:\WorkSpace\temp\maven\org\apache\directory\api\api-util\1.0.0-M20\api-util-1.0.0-M20.jar;C:\WorkSpace\temp\maven\org\apache\curator\curator-framework\2.7.1\curator-framework-2.7.1.jar;C:\WorkSpace\temp\maven\org\apache\curator\curator-client\2.7.1\curator-client-2.7.1.jar;C:\WorkSpace\temp\maven\org\apache\curator\curator-recipes\2.7.1\curator-recipes-2.7.1.jar;C:\WorkSpace\temp\maven\com\google\code\findbugs\jsr305\3.0.0\jsr305-3.0.0.jar;C:\WorkSpace\temp\maven\org\apache\htrace\htrace-core4\4.0.1-incubating\htrace-core4-4.0.1-incubating.jar;C:\WorkSpace\temp\maven\org\apache\zookeeper\zookeeper\3.4.6\zookeeper-3.4.6.jar;C:\WorkSpace\temp\maven\io\netty\netty\3.7.0.Final\netty-3.7.0.Final.jar;C:\WorkSpace\temp\maven\org\apache\commons\commons-compress\1.4.1\commons-compress-1.4.1.jar;C:\WorkSpace\temp\maven\org\tukaani\xz\1.0\xz-1.0.jar;C:\WorkSpace\temp\maven\org\apache\hadoop\hadoop-hdfs-client\2.8.2\hadoop-hdfs-client-2.8.2.jar;C:\WorkSpace\temp\maven\com\squareup\okhttp\okhttp\2.4.0\okhttp-2.4.0.jar;C:\WorkSpace\temp\maven\com\squareup\okio\okio\1.4.0\okio-1.4.0.jar;C:\WorkSpace\temp\maven\org\apache\hadoop\hadoop-mapreduce-client-app\2.8.2\hadoop-mapreduce-client-app-2.8.2.jar;C:\WorkSpace\temp\maven\org\apache\hadoop\hadoop-mapreduce-client-common\2.8.2\hadoop-mapreduce-client-common-2.8.2.jar;C:\WorkSpace\temp\maven\org\apache\hadoop\hadoop-yarn-client\2.8.2\hadoop-yarn-client-2.8.2.jar;C:\WorkSpace\temp\maven\org\apache\hadoop\hadoop-yarn-server-common\2.8.2\hadoop-yarn-server-common-2.8.2.jar;C:\WorkSpace\temp\maven\org\apache\hadoop\hadoop-mapreduce-client-shuffle\2.8.2\hadoop-mapreduce-client-shuffle-2.8.2.jar;C:\WorkSpace\temp\maven\org\fusesource\leveldbjni\leveldbjni-all\1.8\leveldbjni-all-1.8.jar;C:\WorkSpace\temp\maven\org\apache\hadoop\hadoop-yarn-api\2.8.2\hadoop-yarn-api-2.8.2.jar;C:\WorkSpace\temp\maven\org\apache\hadoop\hadoop-mapreduce-client-core\2.8.2\hadoop-mapreduce-client-core-2.8.2.jar;C:\WorkSpace\temp\maven\org\apache\hadoop\hadoop-yarn-common\2.8.2\hadoop-yarn-common-2.8.2.jar;C:\WorkSpace\temp\maven\javax\xml\bind\jaxb-api\2.2.2\jaxb-api-2.2.2.jar;C:\WorkSpace\temp\maven\javax\xml\stream\stax-api\1.0-2\stax-api-1.0-2.jar;C:\WorkSpace\temp\maven\javax\activation\activation\1.1\activation-1.1.jar;C:\WorkSpace\temp\maven\javax\servlet\servlet-api\2.5\servlet-api-2.5.jar;C:\WorkSpace\temp\maven\org\mortbay\jetty\jetty-util\6.1.26\jetty-util-6.1.26.jar;C:\WorkSpace\temp\maven\com\sun\jersey\jersey-core\1.9\jersey-core-1.9.jar;C:\WorkSpace\temp\maven\com\sun\jersey\jersey-client\1.9\jersey-client-1.9.jar;C:\WorkSpace\temp\maven\org\codehaus\jackson\jackson-jaxrs\1.9.13\jackson-jaxrs-1.9.13.jar;C:\WorkSpace\temp\maven\org\codehaus\jackson\jackson-xc\1.9.13\jackson-xc-1.9.13.jar;C:\WorkSpace\temp\maven\org\apache\hadoop\hadoop-mapreduce-client-jobclient\2.8.2\hadoop-mapreduce-client-jobclient-2.8.2.jar;C:\WorkSpace\temp\maven\org\apache\hadoop\hadoop-annotations\2.8.2\hadoop-annotations-2.8.2.jar;C:\WorkSpace\temp\maven\junit\junit\4.11\junit-4.11.jar;C:\WorkSpace\temp\maven\org\hamcrest\hamcrest-core\1.3\hamcrest-core-1.3.jar;"/>
    <property name="java.vm.vendor" value="Oracle Corporation"/>
    <property name="sun.arch.data.model" value="32"/>
    <property name="user.variant" value=""/>
    <property name="java.vendor.url" value="http://java.oracle.com/"/>
    <property name="user.timezone" value="Asia/Shanghai"/>
    <property name="java.vm.specification.version" value="1.8"/>
    <property name="os.name" value="Windows 10"/>
    <property name="user.country" value="CN"/>
    <property name="sun.java.launcher" value="SUN_STANDARD"/>
    <property name="sun.boot.library.path" value="C:\WorkSpace\soft\Java\jre\bin"/>
    <property name="sun.java.command" value="C:\Users\ADMINI~1\AppData\Local\Temp\surefire2554892508721829548\surefirebooter6147174963886085704.jar C:\Users\Administrator\AppData\Local\Temp\surefire2554892508721829548 2021-01-11T15-51-42_587-jvmRun1 surefire4675911835239700220tmp surefire_06374648139454742384tmp"/>
    <property name="surefire.test.class.path" value="D:\GitLab\Score\target\test-classes;D:\GitLab\Score\target\classes;C:\WorkSpace\temp\maven\org\apache\hadoop\hadoop-client\2.8.2\hadoop-client-2.8.2.jar;C:\WorkSpace\temp\maven\org\apache\hadoop\hadoop-common\2.8.2\hadoop-common-2.8.2.jar;C:\WorkSpace\temp\maven\com\google\guava\guava\11.0.2\guava-11.0.2.jar;C:\WorkSpace\temp\maven\commons-cli\commons-cli\1.2\commons-cli-1.2.jar;C:\WorkSpace\temp\maven\org\apache\commons\commons-math3\3.1.1\commons-math3-3.1.1.jar;C:\WorkSpace\temp\maven\xmlenc\xmlenc\0.52\xmlenc-0.52.jar;C:\WorkSpace\temp\maven\org\apache\httpcomponents\httpclient\4.5.2\httpclient-4.5.2.jar;C:\WorkSpace\temp\maven\org\apache\httpcomponents\httpcore\4.4.4\httpcore-4.4.4.jar;C:\WorkSpace\temp\maven\commons-codec\commons-codec\1.4\commons-codec-1.4.jar;C:\WorkSpace\temp\maven\commons-io\commons-io\2.4\commons-io-2.4.jar;C:\WorkSpace\temp\maven\commons-net\commons-net\3.1\commons-net-3.1.jar;C:\WorkSpace\temp\maven\commons-collections\commons-collections\3.2.2\commons-collections-3.2.2.jar;C:\WorkSpace\temp\maven\org\mortbay\jetty\jetty-sslengine\6.1.26\jetty-sslengine-6.1.26.jar;C:\WorkSpace\temp\maven\javax\servlet\jsp\jsp-api\2.1\jsp-api-2.1.jar;C:\WorkSpace\temp\maven\commons-logging\commons-logging\1.1.3\commons-logging-1.1.3.jar;C:\WorkSpace\temp\maven\log4j\log4j\1.2.17\log4j-1.2.17.jar;C:\WorkSpace\temp\maven\commons-lang\commons-lang\2.6\commons-lang-2.6.jar;C:\WorkSpace\temp\maven\commons-configuration\commons-configuration\1.6\commons-configuration-1.6.jar;C:\WorkSpace\temp\maven\commons-digester\commons-digester\1.8\commons-digester-1.8.jar;C:\WorkSpace\temp\maven\commons-beanutils\commons-beanutils\1.7.0\commons-beanutils-1.7.0.jar;C:\WorkSpace\temp\maven\commons-beanutils\commons-beanutils-core\1.8.0\commons-beanutils-core-1.8.0.jar;C:\WorkSpace\temp\maven\org\slf4j\slf4j-api\1.7.10\slf4j-api-1.7.10.jar;C:\WorkSpace\temp\maven\org\slf4j\slf4j-log4j12\1.7.10\slf4j-log4j12-1.7.10.jar;C:\WorkSpace\temp\maven\org\codehaus\jackson\jackson-core-asl\1.9.13\jackson-core-asl-1.9.13.jar;C:\WorkSpace\temp\maven\org\codehaus\jackson\jackson-mapper-asl\1.9.13\jackson-mapper-asl-1.9.13.jar;C:\WorkSpace\temp\maven\org\apache\avro\avro\1.7.4\avro-1.7.4.jar;C:\WorkSpace\temp\maven\com\thoughtworks\paranamer\paranamer\2.3\paranamer-2.3.jar;C:\WorkSpace\temp\maven\org\xerial\snappy\snappy-java\1.0.4.1\snappy-java-1.0.4.1.jar;C:\WorkSpace\temp\maven\com\google\protobuf\protobuf-java\2.5.0\protobuf-java-2.5.0.jar;C:\WorkSpace\temp\maven\com\google\code\gson\gson\2.2.4\gson-2.2.4.jar;C:\WorkSpace\temp\maven\org\apache\hadoop\hadoop-auth\2.8.2\hadoop-auth-2.8.2.jar;C:\WorkSpace\temp\maven\com\nimbusds\nimbus-jose-jwt\3.9\nimbus-jose-jwt-3.9.jar;C:\WorkSpace\temp\maven\net\jcip\jcip-annotations\1.0\jcip-annotations-1.0.jar;C:\WorkSpace\temp\maven\net\minidev\json-smart\1.1.1\json-smart-1.1.1.jar;C:\WorkSpace\temp\maven\org\apache\directory\server\apacheds-kerberos-codec\2.0.0-M15\apacheds-kerberos-codec-2.0.0-M15.jar;C:\WorkSpace\temp\maven\org\apache\directory\server\apacheds-i18n\2.0.0-M15\apacheds-i18n-2.0.0-M15.jar;C:\WorkSpace\temp\maven\org\apache\directory\api\api-asn1-api\1.0.0-M20\api-asn1-api-1.0.0-M20.jar;C:\WorkSpace\temp\maven\org\apache\directory\api\api-util\1.0.0-M20\api-util-1.0.0-M20.jar;C:\WorkSpace\temp\maven\org\apache\curator\curator-framework\2.7.1\curator-framework-2.7.1.jar;C:\WorkSpace\temp\maven\org\apache\curator\curator-client\2.7.1\curator-client-2.7.1.jar;C:\WorkSpace\temp\maven\org\apache\curator\curator-recipes\2.7.1\curator-recipes-2.7.1.jar;C:\WorkSpace\temp\maven\com\google\code\findbugs\jsr305\3.0.0\jsr305-3.0.0.jar;C:\WorkSpace\temp\maven\org\apache\htrace\htrace-core4\4.0.1-incubating\htrace-core4-4.0.1-incubating.jar;C:\WorkSpace\temp\maven\org\apache\zookeeper\zookeeper\3.4.6\zookeeper-3.4.6.jar;C:\WorkSpace\temp\maven\io\netty\netty\3.7.0.Final\netty-3.7.0.Final.jar;C:\WorkSpace\temp\maven\org\apache\commons\commons-compress\1.4.1\commons-compress-1.4.1.jar;C:\WorkSpace\temp\maven\org\tukaani\xz\1.0\xz-1.0.jar;C:\WorkSpace\temp\maven\org\apache\hadoop\hadoop-hdfs-client\2.8.2\hadoop-hdfs-client-2.8.2.jar;C:\WorkSpace\temp\maven\com\squareup\okhttp\okhttp\2.4.0\okhttp-2.4.0.jar;C:\WorkSpace\temp\maven\com\squareup\okio\okio\1.4.0\okio-1.4.0.jar;C:\WorkSpace\temp\maven\org\apache\hadoop\hadoop-mapreduce-client-app\2.8.2\hadoop-mapreduce-client-app-2.8.2.jar;C:\WorkSpace\temp\maven\org\apache\hadoop\hadoop-mapreduce-client-common\2.8.2\hadoop-mapreduce-client-common-2.8.2.jar;C:\WorkSpace\temp\maven\org\apache\hadoop\hadoop-yarn-client\2.8.2\hadoop-yarn-client-2.8.2.jar;C:\WorkSpace\temp\maven\org\apache\hadoop\hadoop-yarn-server-common\2.8.2\hadoop-yarn-server-common-2.8.2.jar;C:\WorkSpace\temp\maven\org\apache\hadoop\hadoop-mapreduce-client-shuffle\2.8.2\hadoop-mapreduce-client-shuffle-2.8.2.jar;C:\WorkSpace\temp\maven\org\fusesource\leveldbjni\leveldbjni-all\1.8\leveldbjni-all-1.8.jar;C:\WorkSpace\temp\maven\org\apache\hadoop\hadoop-yarn-api\2.8.2\hadoop-yarn-api-2.8.2.jar;C:\WorkSpace\temp\maven\org\apache\hadoop\hadoop-mapreduce-client-core\2.8.2\hadoop-mapreduce-client-core-2.8.2.jar;C:\WorkSpace\temp\maven\org\apache\hadoop\hadoop-yarn-common\2.8.2\hadoop-yarn-common-2.8.2.jar;C:\WorkSpace\temp\maven\javax\xml\bind\jaxb-api\2.2.2\jaxb-api-2.2.2.jar;C:\WorkSpace\temp\maven\javax\xml\stream\stax-api\1.0-2\stax-api-1.0-2.jar;C:\WorkSpace\temp\maven\javax\activation\activation\1.1\activation-1.1.jar;C:\WorkSpace\temp\maven\javax\servlet\servlet-api\2.5\servlet-api-2.5.jar;C:\WorkSpace\temp\maven\org\mortbay\jetty\jetty-util\6.1.26\jetty-util-6.1.26.jar;C:\WorkSpace\temp\maven\com\sun\jersey\jersey-core\1.9\jersey-core-1.9.jar;C:\WorkSpace\temp\maven\com\sun\jersey\jersey-client\1.9\jersey-client-1.9.jar;C:\WorkSpace\temp\maven\org\codehaus\jackson\jackson-jaxrs\1.9.13\jackson-jaxrs-1.9.13.jar;C:\WorkSpace\temp\maven\org\codehaus\jackson\jackson-xc\1.9.13\jackson-xc-1.9.13.jar;C:\WorkSpace\temp\maven\org\apache\hadoop\hadoop-mapreduce-client-jobclient\2.8.2\hadoop-mapreduce-client-jobclient-2.8.2.jar;C:\WorkSpace\temp\maven\org\apache\hadoop\hadoop-annotations\2.8.2\hadoop-annotations-2.8.2.jar;C:\WorkSpace\temp\maven\junit\junit\4.11\junit-4.11.jar;C:\WorkSpace\temp\maven\org\hamcrest\hamcrest-core\1.3\hamcrest-core-1.3.jar;"/>
    <property name="sun.cpu.endian" value="little"/>
    <property name="user.home" value="C:\Users\Administrator"/>
    <property name="user.language" value="zh"/>
    <property name="java.specification.vendor" value="Oracle Corporation"/>
    <property name="java.home" value="C:\WorkSpace\soft\Java\jre"/>
    <property name="basedir" value="D:\GitLab\Score"/>
    <property name="file.separator" value="\"/>
    <property name="line.separator" value="&#10;"/>
    <property name="java.vm.specification.vendor" value="Oracle Corporation"/>
    <property name="java.specification.name" value="Java Platform API Specification"/>
    <property name="java.awt.graphicsenv" value="sun.awt.Win32GraphicsEnvironment"/>
    <property name="surefire.real.class.path" value="C:\Users\ADMINI~1\AppData\Local\Temp\surefire2554892508721829548\surefirebooter6147174963886085704.jar"/>
    <property name="sun.boot.class.path" value="C:\WorkSpace\soft\Java\jre\lib\resources.jar;C:\WorkSpace\soft\Java\jre\lib\rt.jar;C:\WorkSpace\soft\Java\jre\lib\sunrsasign.jar;C:\WorkSpace\soft\Java\jre\lib\jsse.jar;C:\WorkSpace\soft\Java\jre\lib\jce.jar;C:\WorkSpace\soft\Java\jre\lib\charsets.jar;C:\WorkSpace\soft\Java\jre\lib\jfr.jar;C:\WorkSpace\soft\Java\jre\classes"/>
    <property name="user.script" value=""/>
    <property name="sun.management.compiler" value="HotSpot Client Compiler"/>
    <property name="java.runtime.version" value="1.8.0_171-b11"/>
    <property name="user.name" value="Administrator"/>
    <property name="path.separator" value=";"/>
    <property name="os.version" value="10.0"/>
    <property name="java.endorsed.dirs" value="C:\WorkSpace\soft\Java\jre\lib\endorsed"/>
    <property name="java.runtime.name" value="Java(TM) SE Runtime Environment"/>
    <property name="file.encoding" value="GBK"/>
    <property name="java.vm.name" value="Java HotSpot(TM) Client VM"/>
    <property name="localRepository" value="C:\WorkSpace\temp\maven"/>
    <property name="java.vendor.url.bug" value="http://bugreport.sun.com/bugreport/"/>
    <property name="java.io.tmpdir" value="C:\Users\ADMINI~1\AppData\Local\Temp\"/>
    <property name="java.version" value="1.8.0_171"/>
    <property name="user.dir" value="D:\GitLab\Score"/>
    <property name="os.arch" value="x86"/>
    <property name="java.vm.specification.name" value="Java Virtual Machine Specification"/>
    <property name="java.awt.printerjob" value="sun.awt.windows.WPrinterJob"/>
    <property name="sun.os.patch.level" value=""/>
    <property name="java.library.path" value="C:\WorkSpace\soft\Java\jre\bin;C:\WINDOWS\Sun\Java\bin;C:\WINDOWS\system32;C:\WINDOWS;C:\WorkSpace\soft\Git\mingw64\bin;C:\WorkSpace\soft\Git\usr\bin;C:\Users\Administrator\bin;C:\WorkSpace\soft\tools;C:\windows\system32;C:\windows;C:\windows\System32\Wbem;C:\windows\System32\WindowsPowerShell\v1.0;C:\Program Files (x86)\NVIDIA Corporation\PhysX\Common;C:\WorkSpace\soft\Java\bin;C:\Program Files\unzip;C:\WorkSpace\soft\nwjs;C:\WINDOWS\system32;C:\WINDOWS;C:\WINDOWS\System32\Wbem;C:\WINDOWS\System32\WindowsPowerShell\v1.0;C:\WINDOWS\System32\OpenSSH;C:\Program Files\Intel\WiFi\bin;C:\Program Files\Common Files\Intel\WirelessCommon;D:\GitLab\script;C:\WorkSpace\soft\go\bin;C:\Program Files (x86)\Intel\Intel(R) Management Engine Components\DAL;C:\Program Files\Intel\Intel(R) Management Engine Components\DAL;C:\WorkSpace\soft\node;C:\WorkSpace\soft\exe;C:\WorkSpace\soft\Microsoft VS Code\bin;C:\WorkSpace\temp\bin;C:\WorkSpace\soft\gradle\bin;C:\WorkSpace\soft\Git\cmd;C:\Program Files\Docker\Docker\resources\bin;C:\ProgramData\DockerDesktop\version-bin;C:\Users\Administrator\AppData\Roaming\npm;C:\Users\Administrator\go\bin;C:\WorkSpace\soft\maven\bin;C:\WorkSpace\soft\idea\bin;%mysql%\bin;C:\WorkSpace\soft\python;."/>
    <property name="java.vm.info" value="mixed mode, sharing"/>
    <property name="java.vendor" value="Oracle Corporation"/>
    <property name="java.vm.version" value="25.171-b11"/>
    <property name="java.ext.dirs" value="C:\WorkSpace\soft\Java\jre\lib\ext;C:\WINDOWS\Sun\Java\lib\ext"/>
    <property name="sun.io.unicode.encoding" value="UnicodeLittle"/>
    <property name="java.class.version" value="52.0"/>
  </properties>
  <testcase name="shouldAnswerWithTrue" classname="com.plaso.ScoreTest" time="0.002"/>
</testsuite>